<?xml version="1.0" encoding="UTF-8"?>
<!-- Generated by org.testng.reporters.JUnitXMLReporter -->
<testsuite ignored="6" hostname="TYC1221031" failures="0" tests="4" name="ChromeBrowser" time="237.668" errors="0" timestamp="2022-06-16T23:35:44 IST">
  <testcase classname="com.crm.createContacts.CreateContactsTest" name="createContactTest" time="41.317"/>
  <testcase classname="com.crm.createContacts.CreateContactsWithOrganisationTest" name="createContactsWithOrganisationTest" time="36.916"/>
  <testcase classname="com.crm.createOrganisation.ToCreateOrganisationTest" name="createOrganisationTest" time="31.259"/>
  <testcase classname="com.crm.createOrganisation.CreateOrganizationWithIndustryAndTypeTest" name="createOrganizationWithIndustryAndTypeTest" time="29.307"/>
  <testcase classname="com.crm.genericUtilities.BaseClass" name="@AfterSuite closeDBconfig" time="0.0">
    <ignored/>
  </testcase> <!-- @AfterSuite closeDBconfig -->
  <testcase classname="com.crm.genericUtilities.BaseClass" name="@AfterSuite closeDBconfig" time="0.0">
    <ignored/>
  </testcase> <!-- @AfterSuite closeDBconfig -->
  <testcase classname="com.crm.genericUtilities.BaseClass" name="@AfterSuite closeDBconfig" time="0.0">
    <ignored/>
  </testcase> <!-- @AfterSuite closeDBconfig -->
  <testcase classname="com.crm.genericUtilities.BaseClass" name="@BeforeSuite dbConfig" time="0.0">
    <ignored/>
  </testcase> <!-- @BeforeSuite dbConfig -->
  <testcase classname="com.crm.genericUtilities.BaseClass" name="@BeforeSuite dbConfig" time="0.0">
    <ignored/>
  </testcase> <!-- @BeforeSuite dbConfig -->
  <testcase classname="com.crm.genericUtilities.BaseClass" name="@BeforeSuite dbConfig" time="0.0">
    <ignored/>
  </testcase> <!-- @BeforeSuite dbConfig -->
</testsuite> <!-- ChromeBrowser -->
