<?xml version="1.0" encoding="UTF-8"?>
<!-- Generated by org.testng.reporters.JUnitXMLReporter -->
<testsuite ignored="6" hostname="TYC1221031" failures="0" tests="4" name="FirefoxBrowser" time="238.959" errors="0" timestamp="2022-06-16T23:35:46 IST">
  <testcase classname="com.crm.createContacts.CreateContactsTest" name="createContactTest" time="50.183"/>
  <testcase classname="com.crm.createContacts.CreateContactsWithOrganisationTest" name="createContactsWithOrganisationTest" time="30.462"/>
  <testcase classname="com.crm.createOrganisation.ToCreateOrganisationTest" name="createOrganisationTest" time="24.208"/>
  <testcase classname="com.crm.createOrganisation.CreateOrganizationWithIndustryAndTypeTest" name="createOrganizationWithIndustryAndTypeTest" time="24.939"/>
  <testcase classname="com.crm.genericUtilities.BaseClass" name="@AfterSuite closeDBconfig" time="0.0">
    <ignored/>
  </testcase> <!-- @AfterSuite closeDBconfig -->
  <testcase classname="com.crm.genericUtilities.BaseClass" name="@AfterSuite closeDBconfig" time="0.0">
    <ignored/>
  </testcase> <!-- @AfterSuite closeDBconfig -->
  <testcase classname="com.crm.genericUtilities.BaseClass" name="@AfterSuite closeDBconfig" time="0.0">
    <ignored/>
  </testcase> <!-- @AfterSuite closeDBconfig -->
  <testcase classname="com.crm.genericUtilities.BaseClass" name="@BeforeSuite dbConfig" time="0.0">
    <ignored/>
  </testcase> <!-- @BeforeSuite dbConfig -->
  <testcase classname="com.crm.genericUtilities.BaseClass" name="@BeforeSuite dbConfig" time="0.0">
    <ignored/>
  </testcase> <!-- @BeforeSuite dbConfig -->
  <testcase classname="com.crm.genericUtilities.BaseClass" name="@BeforeSuite dbConfig" time="0.0">
    <ignored/>
  </testcase> <!-- @BeforeSuite dbConfig -->
</testsuite> <!-- FirefoxBrowser -->
