<?xml version="1.0" encoding="UTF-8"?>
<!-- Generated by org.testng.reporters.JUnitXMLReporter -->
<testsuite ignored="6" hostname="TYC1221031" failures="0" tests="4" name="TestRunner2" time="75.178" errors="0" timestamp="2022-06-16T16:34:56 IST">
  <testcase classname="com.crm.createContacts.CreateContactsTest" name="createContactTest" time="11.005"/>
  <testcase classname="com.crm.createContacts.CreateContactsWithOrganisationTest" name="createContactsWithOrganisationTest" time="12.857"/>
  <testcase classname="com.crm.createOrganisation.ToCreateOrganisationTest" name="createOrganisationTest" time="10.537"/>
  <testcase classname="com.crm.createOrganisation.CreateOrganizationWithIndustryAndTypeTest" name="createOrganizationWithIndustryAndTypeTest" time="11.277"/>
  <testcase classname="com.crm.genericUtilities.BaseClass" name="@AfterSuite closeDBconfig" time="0.0">
    <ignored/>
  </testcase> <!-- @AfterSuite closeDBconfig -->
  <testcase classname="com.crm.genericUtilities.BaseClass" name="@AfterSuite closeDBconfig" time="0.0">
    <ignored/>
  </testcase> <!-- @AfterSuite closeDBconfig -->
  <testcase classname="com.crm.genericUtilities.BaseClass" name="@AfterSuite closeDBconfig" time="0.0">
    <ignored/>
  </testcase> <!-- @AfterSuite closeDBconfig -->
  <testcase classname="com.crm.genericUtilities.BaseClass" name="@BeforeSuite dbConfig" time="0.0">
    <ignored/>
  </testcase> <!-- @BeforeSuite dbConfig -->
  <testcase classname="com.crm.genericUtilities.BaseClass" name="@BeforeSuite dbConfig" time="0.0">
    <ignored/>
  </testcase> <!-- @BeforeSuite dbConfig -->
  <testcase classname="com.crm.genericUtilities.BaseClass" name="@BeforeSuite dbConfig" time="0.0">
    <ignored/>
  </testcase> <!-- @BeforeSuite dbConfig -->
</testsuite> <!-- TestRunner2 -->
