<?xml version="1.0" encoding="UTF-8"?>
<!-- Generated by org.testng.reporters.JUnitXMLReporter -->
<testsuite ignored="4" hostname="DESKTOP-VTNF391" failures="0" tests="3" name="Test" time="48.803" errors="0" timestamp="2023-01-20T17:21:26 IST">
  <testcase classname="com.crm.createCampaigns.CreateCampaignTest" name="createCampaignTest" time="13.384"/>
  <testcase classname="com.crm.createCampaigns.EditCampaignTest" name="editCampaign" time="8.12"/>
  <testcase classname="com.crm.createCampaigns.DeleteCampaignTest" name="deleteCampaign" time="2.525"/>
  <testcase classname="com.crm.genericUtilities.BaseClass" name="@AfterSuite closeDBconfig" time="0.0">
    <ignored/>
  </testcase> <!-- @AfterSuite closeDBconfig -->
  <testcase classname="com.crm.genericUtilities.BaseClass" name="@AfterSuite closeDBconfig" time="0.0">
    <ignored/>
  </testcase> <!-- @AfterSuite closeDBconfig -->
  <testcase classname="com.crm.genericUtilities.BaseClass" name="@BeforeSuite dbConfig" time="0.0">
    <ignored/>
  </testcase> <!-- @BeforeSuite dbConfig -->
  <testcase classname="com.crm.genericUtilities.BaseClass" name="@BeforeSuite dbConfig" time="0.0">
    <ignored/>
  </testcase> <!-- @BeforeSuite dbConfig -->
</testsuite> <!-- Test -->
