<?xml version="1.0" encoding="UTF-8"?>
<testng-results ignored="26" total="40" passed="14" failed="0" skipped="0">
  <reporter-output>
    <line>
      <![CDATA[Campaign is created]]>
    </line>
    <line>
      <![CDATA[Campaign is edited]]>
    </line>
    <line>
      <![CDATA[Campaign is deleted]]>
    </line>
    <line>
      <![CDATA[contact is created]]>
    </line>
    <line>
      <![CDATA[last name is edited]]>
    </line>
    <line>
      <![CDATA[contact is deleted]]>
    </line>
    <line>
      <![CDATA[organisation is created]]>
    </line>
    <line>
      <![CDATA[organisation name is successfully edited]]>
    </line>
    <line>
      <![CDATA[Organisation is successfully deleted]]>
    </line>
    <line>
      <![CDATA[Opportunity is created]]>
    </line>
    <line>
      <![CDATA[Opportunity is edited]]>
    </line>
    <line>
      <![CDATA[Opportunity is deleted]]>
    </line>
    <line>
      <![CDATA[project oops is created]]>
    </line>
    <line>
      <![CDATA[ProjectName is successfully edited]]>
    </line>
    <line>
      <![CDATA[Project is successfully deleted]]>
    </line>
    <line>
      <![CDATA[Lead is created]]>
    </line>
    <line>
      <![CDATA[Lead last name is edited]]>
    </line>
    <line>
      <![CDATA[Lead is deleted]]>
    </line>
    <line>
      <![CDATA[Product is created]]>
    </line>
    <line>
      <![CDATA[Product is edited successfully]]>
    </line>
    <line>
      <![CDATA[Product is deleted successfully]]>
    </line>
    <line>
      <![CDATA[contact is created]]>
    </line>
    <line>
      <![CDATA[contact is edited successfully]]>
    </line>
    <line>
      <![CDATA[contact is deleted successfully]]>
    </line>
    <line>
      <![CDATA[Organisation is created]]>
    </line>
    <line>
      <![CDATA[Organisation is edited successfully]]>
    </line>
    <line>
      <![CDATA[Organisation is deleted successfully]]>
    </line>
    <line>
      <![CDATA[Ticket is created]]>
    </line>
    <line>
      <![CDATA[Ticket is edited]]>
    </line>
    <line>
      <![CDATA[Ticket is deleted]]>
    </line>
    <line>
      <![CDATA[contact is created]]>
    </line>
    <line>
      <![CDATA[contact is edited successfully]]>
    </line>
    <line>
      <![CDATA[contact is deleted successfully]]>
    </line>
    <line>
      <![CDATA[Organisation is created]]>
    </line>
    <line>
      <![CDATA[Organisation is edited successfully]]>
    </line>
    <line>
      <![CDATA[Organisation is deleted successfully]]>
    </line>
    <line>
      <![CDATA[Product is successfully created]]>
    </line>
    <line>
      <![CDATA[product is successfully edited]]>
    </line>
    <line>
      <![CDATA[product is successfully deleted]]>
    </line>
    <line>
      <![CDATA[Vendor is successfully created]]>
    </line>
    <line>
      <![CDATA[Vendor is successfully edited]]>
    </line>
    <line>
      <![CDATA[Vendor is successfully Deleted]]>
    </line>
  </reporter-output>
  <suite started-at="2023-01-31T08:25:13 IST" name="Suite" finished-at="2023-01-31T08:30:17 IST" duration-ms="303551">
    <groups>
    </groups>
    <test started-at="2023-01-31T08:25:13 IST" name="Test" finished-at="2023-01-31T08:30:17 IST" duration-ms="303551">
      <class name="com.crm.SalesProduct.CreateEditDeleteProduct">
        <test-method is-config="true" signature="launchTheBrowser()[pri:0, instance:com.crm.SalesProduct.CreateEditDeleteProduct@71809907]" started-at="2023-01-31T08:27:44 IST" name="launchTheBrowser" finished-at="2023-01-31T08:27:47 IST" duration-ms="3199" status="PASS">
          <reporter-output>
          </reporter-output>
        </test-method> <!-- launchTheBrowser -->
        <test-method is-config="true" signature="loginToAppln()[pri:0, instance:com.crm.SalesProduct.CreateEditDeleteProduct@71809907]" started-at="2023-01-31T08:27:47 IST" name="loginToAppln" finished-at="2023-01-31T08:27:50 IST" duration-ms="3125" status="PASS">
          <reporter-output>
          </reporter-output>
        </test-method> <!-- loginToAppln -->
        <test-method signature="createEditDeleteProduct()[pri:0, instance:com.crm.SalesProduct.CreateEditDeleteProduct@71809907]" started-at="2023-01-31T08:27:50 IST" name="createEditDeleteProduct" finished-at="2023-01-31T08:28:01 IST" duration-ms="11443" status="PASS">
          <reporter-output>
            <line>
              <![CDATA[Product is created]]>
            </line>
            <line>
              <![CDATA[Product is edited successfully]]>
            </line>
            <line>
              <![CDATA[Product is deleted successfully]]>
            </line>
          </reporter-output>
        </test-method> <!-- createEditDeleteProduct -->
        <test-method is-config="true" signature="logoutFromAppln()[pri:0, instance:com.crm.SalesProduct.CreateEditDeleteProduct@71809907]" started-at="2023-01-31T08:28:01 IST" name="logoutFromAppln" finished-at="2023-01-31T08:28:03 IST" duration-ms="2028" status="PASS">
          <reporter-output>
          </reporter-output>
        </test-method> <!-- logoutFromAppln -->
        <test-method is-config="true" signature="closeTheBrowser()[pri:0, instance:com.crm.SalesProduct.CreateEditDeleteProduct@71809907]" started-at="2023-01-31T08:28:03 IST" name="closeTheBrowser" finished-at="2023-01-31T08:28:04 IST" duration-ms="157" status="PASS">
          <reporter-output>
          </reporter-output>
        </test-method> <!-- closeTheBrowser -->
      </class> <!-- com.crm.SalesProduct.CreateEditDeleteProduct -->
      <class name="com.crm.Opportunity.CreateEditDeleteOpportunity">
        <test-method is-config="true" signature="launchTheBrowser()[pri:0, instance:com.crm.Opportunity.CreateEditDeleteOpportunity@32eff876]" started-at="2023-01-31T08:26:22 IST" name="launchTheBrowser" finished-at="2023-01-31T08:26:24 IST" duration-ms="2251" status="PASS">
          <reporter-output>
          </reporter-output>
        </test-method> <!-- launchTheBrowser -->
        <test-method is-config="true" signature="loginToAppln()[pri:0, instance:com.crm.Opportunity.CreateEditDeleteOpportunity@32eff876]" started-at="2023-01-31T08:26:24 IST" name="loginToAppln" finished-at="2023-01-31T08:26:27 IST" duration-ms="3128" status="PASS">
          <reporter-output>
          </reporter-output>
        </test-method> <!-- loginToAppln -->
        <test-method signature="createEditDeleteOpportunity()[pri:0, instance:com.crm.Opportunity.CreateEditDeleteOpportunity@32eff876]" started-at="2023-01-31T08:26:27 IST" name="createEditDeleteOpportunity" finished-at="2023-01-31T08:26:46 IST" duration-ms="18787" status="PASS">
          <reporter-output>
            <line>
              <![CDATA[Opportunity is created]]>
            </line>
            <line>
              <![CDATA[Opportunity is edited]]>
            </line>
            <line>
              <![CDATA[Opportunity is deleted]]>
            </line>
          </reporter-output>
        </test-method> <!-- createEditDeleteOpportunity -->
        <test-method is-config="true" signature="logoutFromAppln()[pri:0, instance:com.crm.Opportunity.CreateEditDeleteOpportunity@32eff876]" started-at="2023-01-31T08:26:46 IST" name="logoutFromAppln" finished-at="2023-01-31T08:26:48 IST" duration-ms="1887" status="PASS">
          <reporter-output>
          </reporter-output>
        </test-method> <!-- logoutFromAppln -->
        <test-method is-config="true" signature="closeTheBrowser()[pri:0, instance:com.crm.Opportunity.CreateEditDeleteOpportunity@32eff876]" started-at="2023-01-31T08:26:48 IST" name="closeTheBrowser" finished-at="2023-01-31T08:26:48 IST" duration-ms="175" status="PASS">
          <reporter-output>
          </reporter-output>
        </test-method> <!-- closeTheBrowser -->
      </class> <!-- com.crm.Opportunity.CreateEditDeleteOpportunity -->
      <class name="com.crm.Leads.CreateLeadEditLeadDeleteLead">
        <test-method is-config="true" signature="launchTheBrowser()[pri:0, instance:com.crm.Leads.CreateLeadEditLeadDeleteLead@6e20b53a]" started-at="2023-01-31T08:27:12 IST" name="launchTheBrowser" finished-at="2023-01-31T08:27:14 IST" duration-ms="2253" status="PASS">
          <reporter-output>
          </reporter-output>
        </test-method> <!-- launchTheBrowser -->
        <test-method is-config="true" signature="loginToAppln()[pri:0, instance:com.crm.Leads.CreateLeadEditLeadDeleteLead@6e20b53a]" started-at="2023-01-31T08:27:14 IST" name="loginToAppln" finished-at="2023-01-31T08:27:17 IST" duration-ms="3081" status="PASS">
          <reporter-output>
          </reporter-output>
        </test-method> <!-- loginToAppln -->
        <test-method signature="createLeadEditLeadDeleteLead()[pri:0, instance:com.crm.Leads.CreateLeadEditLeadDeleteLead@6e20b53a]" started-at="2023-01-31T08:27:17 IST" name="createLeadEditLeadDeleteLead" finished-at="2023-01-31T08:27:42 IST" duration-ms="25102" status="PASS">
          <reporter-output>
            <line>
              <![CDATA[Lead is created]]>
            </line>
            <line>
              <![CDATA[Lead last name is edited]]>
            </line>
            <line>
              <![CDATA[Lead is deleted]]>
            </line>
          </reporter-output>
        </test-method> <!-- createLeadEditLeadDeleteLead -->
        <test-method is-config="true" signature="logoutFromAppln()[pri:0, instance:com.crm.Leads.CreateLeadEditLeadDeleteLead@6e20b53a]" started-at="2023-01-31T08:27:42 IST" name="logoutFromAppln" finished-at="2023-01-31T08:27:43 IST" duration-ms="1391" status="PASS">
          <reporter-output>
          </reporter-output>
        </test-method> <!-- logoutFromAppln -->
        <test-method is-config="true" signature="closeTheBrowser()[pri:0, instance:com.crm.Leads.CreateLeadEditLeadDeleteLead@6e20b53a]" started-at="2023-01-31T08:27:43 IST" name="closeTheBrowser" finished-at="2023-01-31T08:27:44 IST" duration-ms="186" status="PASS">
          <reporter-output>
          </reporter-output>
        </test-method> <!-- closeTheBrowser -->
      </class> <!-- com.crm.Leads.CreateLeadEditLeadDeleteLead -->
      <class name="com.crm.InventoryProducts.CreateEditDeleteProducts">
        <test-method is-config="true" signature="launchTheBrowser()[pri:0, instance:com.crm.InventoryProducts.CreateEditDeleteProducts@661972b0]" started-at="2023-01-31T08:29:39 IST" name="launchTheBrowser" finished-at="2023-01-31T08:29:42 IST" duration-ms="3230" status="PASS">
          <reporter-output>
          </reporter-output>
        </test-method> <!-- launchTheBrowser -->
        <test-method is-config="true" signature="loginToAppln()[pri:0, instance:com.crm.InventoryProducts.CreateEditDeleteProducts@661972b0]" started-at="2023-01-31T08:29:42 IST" name="loginToAppln" finished-at="2023-01-31T08:29:45 IST" duration-ms="3163" status="PASS">
          <reporter-output>
          </reporter-output>
        </test-method> <!-- loginToAppln -->
        <test-method signature="createEditDeleteProducts()[pri:0, instance:com.crm.InventoryProducts.CreateEditDeleteProducts@661972b0]" started-at="2023-01-31T08:29:45 IST" name="createEditDeleteProducts" finished-at="2023-01-31T08:29:57 IST" duration-ms="12317" status="PASS">
          <reporter-output>
            <line>
              <![CDATA[Product is successfully created]]>
            </line>
            <line>
              <![CDATA[product is successfully edited]]>
            </line>
            <line>
              <![CDATA[product is successfully deleted]]>
            </line>
          </reporter-output>
        </test-method> <!-- createEditDeleteProducts -->
        <test-method is-config="true" signature="logoutFromAppln()[pri:0, instance:com.crm.InventoryProducts.CreateEditDeleteProducts@661972b0]" started-at="2023-01-31T08:29:57 IST" name="logoutFromAppln" finished-at="2023-01-31T08:29:59 IST" duration-ms="2103" status="PASS">
          <reporter-output>
          </reporter-output>
        </test-method> <!-- logoutFromAppln -->
        <test-method is-config="true" signature="closeTheBrowser()[pri:0, instance:com.crm.InventoryProducts.CreateEditDeleteProducts@661972b0]" started-at="2023-01-31T08:29:59 IST" name="closeTheBrowser" finished-at="2023-01-31T08:30:00 IST" duration-ms="176" status="PASS">
          <reporter-output>
          </reporter-output>
        </test-method> <!-- closeTheBrowser -->
      </class> <!-- com.crm.InventoryProducts.CreateEditDeleteProducts -->
      <class name="com.crm.inventoryVendors.CreateEditDeleteVendorTest">
        <test-method is-config="true" signature="launchTheBrowser()[pri:0, instance:com.crm.inventoryVendors.CreateEditDeleteVendorTest@5af3afd9]" started-at="2023-01-31T08:30:00 IST" name="launchTheBrowser" finished-at="2023-01-31T08:30:02 IST" duration-ms="2327" status="PASS">
          <reporter-output>
          </reporter-output>
        </test-method> <!-- launchTheBrowser -->
        <test-method is-config="true" signature="loginToAppln()[pri:0, instance:com.crm.inventoryVendors.CreateEditDeleteVendorTest@5af3afd9]" started-at="2023-01-31T08:30:02 IST" name="loginToAppln" finished-at="2023-01-31T08:30:05 IST" duration-ms="3051" status="PASS">
          <reporter-output>
          </reporter-output>
        </test-method> <!-- loginToAppln -->
        <test-method signature="createEditDeleteVendorTest()[pri:0, instance:com.crm.inventoryVendors.CreateEditDeleteVendorTest@5af3afd9]" started-at="2023-01-31T08:30:05 IST" name="createEditDeleteVendorTest" finished-at="2023-01-31T08:30:15 IST" duration-ms="10295" status="PASS">
          <reporter-output>
            <line>
              <![CDATA[Vendor is successfully created]]>
            </line>
            <line>
              <![CDATA[Vendor is successfully edited]]>
            </line>
            <line>
              <![CDATA[Vendor is successfully Deleted]]>
            </line>
          </reporter-output>
        </test-method> <!-- createEditDeleteVendorTest -->
        <test-method is-config="true" signature="logoutFromAppln()[pri:0, instance:com.crm.inventoryVendors.CreateEditDeleteVendorTest@5af3afd9]" started-at="2023-01-31T08:30:15 IST" name="logoutFromAppln" finished-at="2023-01-31T08:30:16 IST" duration-ms="1171" status="PASS">
          <reporter-output>
          </reporter-output>
        </test-method> <!-- logoutFromAppln -->
        <test-method is-config="true" signature="closeTheBrowser()[pri:0, instance:com.crm.inventoryVendors.CreateEditDeleteVendorTest@5af3afd9]" started-at="2023-01-31T08:30:16 IST" name="closeTheBrowser" finished-at="2023-01-31T08:30:17 IST" duration-ms="176" status="PASS">
          <reporter-output>
          </reporter-output>
        </test-method> <!-- closeTheBrowser -->
      </class> <!-- com.crm.inventoryVendors.CreateEditDeleteVendorTest -->
      <class name="com.crm.SalesContacts.CreateEditDeleteSalesContactTest">
        <test-method is-config="true" signature="launchTheBrowser()[pri:0, instance:com.crm.SalesContacts.CreateEditDeleteSalesContactTest@158da8e]" started-at="2023-01-31T08:28:04 IST" name="launchTheBrowser" finished-at="2023-01-31T08:28:06 IST" duration-ms="2336" status="PASS">
          <reporter-output>
          </reporter-output>
        </test-method> <!-- launchTheBrowser -->
        <test-method is-config="true" signature="loginToAppln()[pri:0, instance:com.crm.SalesContacts.CreateEditDeleteSalesContactTest@158da8e]" started-at="2023-01-31T08:28:06 IST" name="loginToAppln" finished-at="2023-01-31T08:28:09 IST" duration-ms="3169" status="PASS">
          <reporter-output>
          </reporter-output>
        </test-method> <!-- loginToAppln -->
        <test-method signature="createEditDeleteSalesContactTest()[pri:0, instance:com.crm.SalesContacts.CreateEditDeleteSalesContactTest@158da8e]" started-at="2023-01-31T08:28:09 IST" name="createEditDeleteSalesContactTest" finished-at="2023-01-31T08:28:21 IST" duration-ms="11993" status="PASS">
          <reporter-output>
            <line>
              <![CDATA[contact is created]]>
            </line>
            <line>
              <![CDATA[contact is edited successfully]]>
            </line>
            <line>
              <![CDATA[contact is deleted successfully]]>
            </line>
          </reporter-output>
        </test-method> <!-- createEditDeleteSalesContactTest -->
        <test-method is-config="true" signature="logoutFromAppln()[pri:0, instance:com.crm.SalesContacts.CreateEditDeleteSalesContactTest@158da8e]" started-at="2023-01-31T08:28:21 IST" name="logoutFromAppln" finished-at="2023-01-31T08:28:22 IST" duration-ms="734" status="PASS">
          <reporter-output>
          </reporter-output>
        </test-method> <!-- logoutFromAppln -->
        <test-method is-config="true" signature="closeTheBrowser()[pri:0, instance:com.crm.SalesContacts.CreateEditDeleteSalesContactTest@158da8e]" started-at="2023-01-31T08:28:22 IST" name="closeTheBrowser" finished-at="2023-01-31T08:28:22 IST" duration-ms="183" status="PASS">
          <reporter-output>
          </reporter-output>
        </test-method> <!-- closeTheBrowser -->
      </class> <!-- com.crm.SalesContacts.CreateEditDeleteSalesContactTest -->
      <class name="com.crm.ProjectOOPS.CreateEditDeleteProjectOoops">
        <test-method is-config="true" signature="launchTheBrowser()[pri:0, instance:com.crm.ProjectOOPS.CreateEditDeleteProjectOoops@8dbdac1]" started-at="2023-01-31T08:26:48 IST" name="launchTheBrowser" finished-at="2023-01-31T08:26:51 IST" duration-ms="3045" status="PASS">
          <reporter-output>
          </reporter-output>
        </test-method> <!-- launchTheBrowser -->
        <test-method is-config="true" signature="loginToAppln()[pri:0, instance:com.crm.ProjectOOPS.CreateEditDeleteProjectOoops@8dbdac1]" started-at="2023-01-31T08:26:51 IST" name="loginToAppln" finished-at="2023-01-31T08:26:56 IST" duration-ms="5138" status="PASS">
          <reporter-output>
          </reporter-output>
        </test-method> <!-- loginToAppln -->
        <test-method signature="createEditDeleteProjectOoops()[pri:0, instance:com.crm.ProjectOOPS.CreateEditDeleteProjectOoops@8dbdac1]" started-at="2023-01-31T08:26:56 IST" name="createEditDeleteProjectOoops" finished-at="2023-01-31T08:27:09 IST" duration-ms="13341" status="PASS">
          <reporter-output>
            <line>
              <![CDATA[project oops is created]]>
            </line>
            <line>
              <![CDATA[ProjectName is successfully edited]]>
            </line>
            <line>
              <![CDATA[Project is successfully deleted]]>
            </line>
          </reporter-output>
        </test-method> <!-- createEditDeleteProjectOoops -->
        <test-method is-config="true" signature="logoutFromAppln()[pri:0, instance:com.crm.ProjectOOPS.CreateEditDeleteProjectOoops@8dbdac1]" started-at="2023-01-31T08:27:09 IST" name="logoutFromAppln" finished-at="2023-01-31T08:27:11 IST" duration-ms="2093" status="PASS">
          <reporter-output>
          </reporter-output>
        </test-method> <!-- logoutFromAppln -->
        <test-method is-config="true" signature="closeTheBrowser()[pri:0, instance:com.crm.ProjectOOPS.CreateEditDeleteProjectOoops@8dbdac1]" started-at="2023-01-31T08:27:11 IST" name="closeTheBrowser" finished-at="2023-01-31T08:27:12 IST" duration-ms="174" status="PASS">
          <reporter-output>
          </reporter-output>
        </test-method> <!-- closeTheBrowser -->
      </class> <!-- com.crm.ProjectOOPS.CreateEditDeleteProjectOoops -->
      <class name="com.crm.organisation.CreateEditDeleteOrganisation">
        <test-method is-config="true" signature="launchTheBrowser()[pri:0, instance:com.crm.organisation.CreateEditDeleteOrganisation@5e0826e7]" started-at="2023-01-31T08:26:02 IST" name="launchTheBrowser" finished-at="2023-01-31T08:26:04 IST" duration-ms="2280" status="PASS">
          <reporter-output>
          </reporter-output>
        </test-method> <!-- launchTheBrowser -->
        <test-method is-config="true" signature="loginToAppln()[pri:0, instance:com.crm.organisation.CreateEditDeleteOrganisation@5e0826e7]" started-at="2023-01-31T08:26:04 IST" name="loginToAppln" finished-at="2023-01-31T08:26:07 IST" duration-ms="3107" status="PASS">
          <reporter-output>
          </reporter-output>
        </test-method> <!-- loginToAppln -->
        <test-method signature="createEditDeleteOrganisation()[pri:0, instance:com.crm.organisation.CreateEditDeleteOrganisation@5e0826e7]" started-at="2023-01-31T08:26:07 IST" name="createEditDeleteOrganisation" finished-at="2023-01-31T08:26:20 IST" duration-ms="12848" status="PASS">
          <reporter-output>
            <line>
              <![CDATA[organisation is created]]>
            </line>
            <line>
              <![CDATA[organisation name is successfully edited]]>
            </line>
            <line>
              <![CDATA[Organisation is successfully deleted]]>
            </line>
          </reporter-output>
        </test-method> <!-- createEditDeleteOrganisation -->
        <test-method is-config="true" signature="logoutFromAppln()[pri:0, instance:com.crm.organisation.CreateEditDeleteOrganisation@5e0826e7]" started-at="2023-01-31T08:26:20 IST" name="logoutFromAppln" finished-at="2023-01-31T08:26:21 IST" duration-ms="1609" status="PASS">
          <reporter-output>
          </reporter-output>
        </test-method> <!-- logoutFromAppln -->
        <test-method is-config="true" signature="closeTheBrowser()[pri:0, instance:com.crm.organisation.CreateEditDeleteOrganisation@5e0826e7]" started-at="2023-01-31T08:26:21 IST" name="closeTheBrowser" finished-at="2023-01-31T08:26:22 IST" duration-ms="147" status="PASS">
          <reporter-output>
          </reporter-output>
        </test-method> <!-- closeTheBrowser -->
      </class> <!-- com.crm.organisation.CreateEditDeleteOrganisation -->
      <class name="com.crm.createCampaigns.CreateCampaignTest">
        <test-method is-config="true" signature="dbConfig()[pri:0, instance:com.crm.createCampaigns.CreateCampaignTest@42e99e4a]" started-at="2023-01-31T08:25:13 IST" name="dbConfig" finished-at="2023-01-31T08:25:13 IST" duration-ms="8" status="PASS">
          <reporter-output>
          </reporter-output>
        </test-method> <!-- dbConfig -->
        <test-method is-config="true" signature="launchTheBrowser()[pri:0, instance:com.crm.createCampaigns.CreateCampaignTest@42e99e4a]" started-at="2023-01-31T08:25:13 IST" name="launchTheBrowser" finished-at="2023-01-31T08:25:17 IST" duration-ms="3772" status="PASS">
          <reporter-output>
          </reporter-output>
        </test-method> <!-- launchTheBrowser -->
        <test-method is-config="true" signature="loginToAppln()[pri:0, instance:com.crm.createCampaigns.CreateCampaignTest@42e99e4a]" started-at="2023-01-31T08:25:17 IST" name="loginToAppln" finished-at="2023-01-31T08:25:20 IST" duration-ms="3067" status="PASS">
          <reporter-output>
          </reporter-output>
        </test-method> <!-- loginToAppln -->
        <test-method signature="createCampaignTest()[pri:0, instance:com.crm.createCampaigns.CreateCampaignTest@42e99e4a]" started-at="2023-01-31T08:25:20 IST" name="createCampaignTest" finished-at="2023-01-31T08:25:36 IST" duration-ms="16366" status="PASS">
          <reporter-output>
            <line>
              <![CDATA[Campaign is created]]>
            </line>
            <line>
              <![CDATA[Campaign is edited]]>
            </line>
            <line>
              <![CDATA[Campaign is deleted]]>
            </line>
          </reporter-output>
        </test-method> <!-- createCampaignTest -->
        <test-method is-config="true" signature="logoutFromAppln()[pri:0, instance:com.crm.createCampaigns.CreateCampaignTest@42e99e4a]" started-at="2023-01-31T08:25:36 IST" name="logoutFromAppln" finished-at="2023-01-31T08:25:37 IST" duration-ms="1106" status="PASS">
          <reporter-output>
          </reporter-output>
        </test-method> <!-- logoutFromAppln -->
        <test-method is-config="true" signature="closeTheBrowser()[pri:0, instance:com.crm.createCampaigns.CreateCampaignTest@42e99e4a]" started-at="2023-01-31T08:25:37 IST" name="closeTheBrowser" finished-at="2023-01-31T08:25:38 IST" duration-ms="140" status="PASS">
          <reporter-output>
          </reporter-output>
        </test-method> <!-- closeTheBrowser -->
        <test-method is-config="true" signature="closeDBconfig()[pri:0, instance:com.crm.createCampaigns.CreateCampaignTest@42e99e4a]" started-at="2023-01-31T08:30:17 IST" name="closeDBconfig" finished-at="2023-01-31T08:30:17 IST" duration-ms="0" status="PASS">
          <reporter-output>
          </reporter-output>
        </test-method> <!-- closeDBconfig -->
      </class> <!-- com.crm.createCampaigns.CreateCampaignTest -->
      <class name="com.crm.contacts.CreateContactEditcontactDeleteContact">
        <test-method is-config="true" signature="launchTheBrowser()[pri:0, instance:com.crm.contacts.CreateContactEditcontactDeleteContact@6dc17b83]" started-at="2023-01-31T08:25:38 IST" name="launchTheBrowser" finished-at="2023-01-31T08:25:41 IST" duration-ms="3292" status="PASS">
          <reporter-output>
          </reporter-output>
        </test-method> <!-- launchTheBrowser -->
        <test-method is-config="true" signature="loginToAppln()[pri:0, instance:com.crm.contacts.CreateContactEditcontactDeleteContact@6dc17b83]" started-at="2023-01-31T08:25:41 IST" name="loginToAppln" finished-at="2023-01-31T08:25:44 IST" duration-ms="3120" status="PASS">
          <reporter-output>
          </reporter-output>
        </test-method> <!-- loginToAppln -->
        <test-method signature="createContact()[pri:0, instance:com.crm.contacts.CreateContactEditcontactDeleteContact@6dc17b83]" started-at="2023-01-31T08:25:44 IST" name="createContact" finished-at="2023-01-31T08:26:00 IST" duration-ms="15612" status="PASS">
          <reporter-output>
            <line>
              <![CDATA[contact is created]]>
            </line>
            <line>
              <![CDATA[last name is edited]]>
            </line>
            <line>
              <![CDATA[contact is deleted]]>
            </line>
          </reporter-output>
        </test-method> <!-- createContact -->
        <test-method is-config="true" signature="logoutFromAppln()[pri:0, instance:com.crm.contacts.CreateContactEditcontactDeleteContact@6dc17b83]" started-at="2023-01-31T08:26:00 IST" name="logoutFromAppln" finished-at="2023-01-31T08:26:01 IST" duration-ms="1861" status="PASS">
          <reporter-output>
          </reporter-output>
        </test-method> <!-- logoutFromAppln -->
        <test-method is-config="true" signature="closeTheBrowser()[pri:0, instance:com.crm.contacts.CreateContactEditcontactDeleteContact@6dc17b83]" started-at="2023-01-31T08:26:01 IST" name="closeTheBrowser" finished-at="2023-01-31T08:26:02 IST" duration-ms="133" status="PASS">
          <reporter-output>
          </reporter-output>
        </test-method> <!-- closeTheBrowser -->
      </class> <!-- com.crm.contacts.CreateContactEditcontactDeleteContact -->
      <class name="com.crm.inventoryContacts.CreateEditDeleteContactTest">
        <test-method is-config="true" signature="launchTheBrowser()[pri:0, instance:com.crm.inventoryContacts.CreateEditDeleteContactTest@7c729a55]" started-at="2023-01-31T08:29:04 IST" name="launchTheBrowser" finished-at="2023-01-31T08:29:06 IST" duration-ms="2231" status="PASS">
          <reporter-output>
          </reporter-output>
        </test-method> <!-- launchTheBrowser -->
        <test-method is-config="true" signature="loginToAppln()[pri:0, instance:com.crm.inventoryContacts.CreateEditDeleteContactTest@7c729a55]" started-at="2023-01-31T08:29:06 IST" name="loginToAppln" finished-at="2023-01-31T08:29:09 IST" duration-ms="3132" status="PASS">
          <reporter-output>
          </reporter-output>
        </test-method> <!-- loginToAppln -->
        <test-method signature="createEditDeleteContactTest()[pri:0, instance:com.crm.inventoryContacts.CreateEditDeleteContactTest@7c729a55]" started-at="2023-01-31T08:29:09 IST" name="createEditDeleteContactTest" finished-at="2023-01-31T08:29:21 IST" duration-ms="11981" status="PASS">
          <reporter-output>
            <line>
              <![CDATA[contact is created]]>
            </line>
            <line>
              <![CDATA[contact is edited successfully]]>
            </line>
            <line>
              <![CDATA[contact is deleted successfully]]>
            </line>
          </reporter-output>
        </test-method> <!-- createEditDeleteContactTest -->
        <test-method is-config="true" signature="logoutFromAppln()[pri:0, instance:com.crm.inventoryContacts.CreateEditDeleteContactTest@7c729a55]" started-at="2023-01-31T08:29:21 IST" name="logoutFromAppln" finished-at="2023-01-31T08:29:22 IST" duration-ms="721" status="PASS">
          <reporter-output>
          </reporter-output>
        </test-method> <!-- logoutFromAppln -->
        <test-method is-config="true" signature="closeTheBrowser()[pri:0, instance:com.crm.inventoryContacts.CreateEditDeleteContactTest@7c729a55]" started-at="2023-01-31T08:29:22 IST" name="closeTheBrowser" finished-at="2023-01-31T08:29:22 IST" duration-ms="169" status="PASS">
          <reporter-output>
          </reporter-output>
        </test-method> <!-- closeTheBrowser -->
      </class> <!-- com.crm.inventoryContacts.CreateEditDeleteContactTest -->
      <class name="com.crm.SupportTickets.AddEditDeleteTicket">
        <test-method is-config="true" signature="launchTheBrowser()[pri:0, instance:com.crm.SupportTickets.AddEditDeleteTicket@47af7f3d]" started-at="2023-01-31T08:28:40 IST" name="launchTheBrowser" finished-at="2023-01-31T08:28:43 IST" duration-ms="2537" status="PASS">
          <reporter-output>
          </reporter-output>
        </test-method> <!-- launchTheBrowser -->
        <test-method is-config="true" signature="loginToAppln()[pri:0, instance:com.crm.SupportTickets.AddEditDeleteTicket@47af7f3d]" started-at="2023-01-31T08:28:43 IST" name="loginToAppln" finished-at="2023-01-31T08:28:46 IST" duration-ms="3068" status="PASS">
          <reporter-output>
          </reporter-output>
        </test-method> <!-- loginToAppln -->
        <test-method signature="addEditDeleteTicket()[pri:0, instance:com.crm.SupportTickets.AddEditDeleteTicket@47af7f3d]" started-at="2023-01-31T08:28:46 IST" name="addEditDeleteTicket" finished-at="2023-01-31T08:29:02 IST" duration-ms="15625" status="PASS">
          <reporter-output>
            <line>
              <![CDATA[Ticket is created]]>
            </line>
            <line>
              <![CDATA[Ticket is edited]]>
            </line>
            <line>
              <![CDATA[Ticket is deleted]]>
            </line>
          </reporter-output>
        </test-method> <!-- addEditDeleteTicket -->
        <test-method is-config="true" signature="logoutFromAppln()[pri:0, instance:com.crm.SupportTickets.AddEditDeleteTicket@47af7f3d]" started-at="2023-01-31T08:29:02 IST" name="logoutFromAppln" finished-at="2023-01-31T08:29:03 IST" duration-ms="1847" status="PASS">
          <reporter-output>
          </reporter-output>
        </test-method> <!-- logoutFromAppln -->
        <test-method is-config="true" signature="closeTheBrowser()[pri:0, instance:com.crm.SupportTickets.AddEditDeleteTicket@47af7f3d]" started-at="2023-01-31T08:29:03 IST" name="closeTheBrowser" finished-at="2023-01-31T08:29:04 IST" duration-ms="171" status="PASS">
          <reporter-output>
          </reporter-output>
        </test-method> <!-- closeTheBrowser -->
      </class> <!-- com.crm.SupportTickets.AddEditDeleteTicket -->
      <class name="com.crm.SalesOrganisation.CreateEditDeleteOrganisationTest">
        <test-method is-config="true" signature="launchTheBrowser()[pri:0, instance:com.crm.SalesOrganisation.CreateEditDeleteOrganisationTest@74e52303]" started-at="2023-01-31T08:28:22 IST" name="launchTheBrowser" finished-at="2023-01-31T08:28:25 IST" duration-ms="2902" status="PASS">
          <reporter-output>
          </reporter-output>
        </test-method> <!-- launchTheBrowser -->
        <test-method is-config="true" signature="loginToAppln()[pri:0, instance:com.crm.SalesOrganisation.CreateEditDeleteOrganisationTest@74e52303]" started-at="2023-01-31T08:28:25 IST" name="loginToAppln" finished-at="2023-01-31T08:28:28 IST" duration-ms="3078" status="PASS">
          <reporter-output>
          </reporter-output>
        </test-method> <!-- loginToAppln -->
        <test-method signature="createEditDeleteTest()[pri:0, instance:com.crm.SalesOrganisation.CreateEditDeleteOrganisationTest@74e52303]" started-at="2023-01-31T08:28:28 IST" name="createEditDeleteTest" finished-at="2023-01-31T08:28:40 IST" duration-ms="11666" status="PASS">
          <reporter-output>
            <line>
              <![CDATA[Organisation is created]]>
            </line>
            <line>
              <![CDATA[Organisation is edited successfully]]>
            </line>
            <line>
              <![CDATA[Organisation is deleted successfully]]>
            </line>
          </reporter-output>
        </test-method> <!-- createEditDeleteTest -->
        <test-method is-config="true" signature="logoutFromAppln()[pri:0, instance:com.crm.SalesOrganisation.CreateEditDeleteOrganisationTest@74e52303]" started-at="2023-01-31T08:28:40 IST" name="logoutFromAppln" finished-at="2023-01-31T08:28:40 IST" duration-ms="715" status="FAIL">
          <exception class="org.openqa.selenium.StaleElementReferenceException">
            <message>
              <![CDATA[stale element reference: element is not attached to the page document
  (Session info: chrome=109.0.5414.120)
For documentation on this error, please visit: https://www.seleniumhq.org/exceptions/stale_element_reference.html
Build info: version: '3.141.59', revision: 'e82be7d358', time: '2018-11-14T08:17:03'
System info: host: 'DESKTOP-VTNF391', ip: '192.168.1.3', os.name: 'Windows 10', os.arch: 'amd64', os.version: '10.0', java.version: '17.0.1'
Driver info: org.openqa.selenium.chrome.ChromeDriver
Capabilities {acceptInsecureCerts: false, browserName: chrome, browserVersion: 109.0.5414.120, chrome: {chromedriverVersion: 109.0.5414.74 (e7c5703604da..., userDataDir: C:\Users\Lenovo\AppData\Loc...}, goog:chromeOptions: {debuggerAddress: localhost:51507}, javascriptEnabled: true, networkConnectionEnabled: false, pageLoadStrategy: normal, platform: WINDOWS, platformName: WINDOWS, proxy: Proxy(), setWindowRect: true, strictFileInteractability: false, timeouts: {implicit: 0, pageLoad: 300000, script: 30000}, unhandledPromptBehavior: dismiss and notify, webauthn:extension:credBlob: true, webauthn:extension:largeBlob: true, webauthn:virtualAuthenticators: true}
Session ID: 4ae04a9fcef6aec9e38a8519dfe42d05]]>
            </message>
            <full-stacktrace>
              <![CDATA[org.openqa.selenium.StaleElementReferenceException: stale element reference: element is not attached to the page document
  (Session info: chrome=109.0.5414.120)
For documentation on this error, please visit: https://www.seleniumhq.org/exceptions/stale_element_reference.html
Build info: version: '3.141.59', revision: 'e82be7d358', time: '2018-11-14T08:17:03'
System info: host: 'DESKTOP-VTNF391', ip: '192.168.1.3', os.name: 'Windows 10', os.arch: 'amd64', os.version: '10.0', java.version: '17.0.1'
Driver info: org.openqa.selenium.chrome.ChromeDriver
Capabilities {acceptInsecureCerts: false, browserName: chrome, browserVersion: 109.0.5414.120, chrome: {chromedriverVersion: 109.0.5414.74 (e7c5703604da..., userDataDir: C:\Users\Lenovo\AppData\Loc...}, goog:chromeOptions: {debuggerAddress: localhost:51507}, javascriptEnabled: true, networkConnectionEnabled: false, pageLoadStrategy: normal, platform: WINDOWS, platformName: WINDOWS, proxy: Proxy(), setWindowRect: true, strictFileInteractability: false, timeouts: {implicit: 0, pageLoad: 300000, script: 30000}, unhandledPromptBehavior: dismiss and notify, webauthn:extension:credBlob: true, webauthn:extension:largeBlob: true, webauthn:virtualAuthenticators: true}
Session ID: 4ae04a9fcef6aec9e38a8519dfe42d05
at java.base/jdk.internal.reflect.NativeConstructorAccessorImpl.newInstance0(Native Method)
at java.base/jdk.internal.reflect.NativeConstructorAccessorImpl.newInstance(NativeConstructorAccessorImpl.java:77)
at java.base/jdk.internal.reflect.DelegatingConstructorAccessorImpl.newInstance(DelegatingConstructorAccessorImpl.java:45)
at java.base/java.lang.reflect.Constructor.newInstanceWithCaller(Constructor.java:499)
at java.base/java.lang.reflect.Constructor.newInstance(Constructor.java:480)
at org.openqa.selenium.remote.http.W3CHttpResponseCodec.createException(W3CHttpResponseCodec.java:187)
at org.openqa.selenium.remote.http.W3CHttpResponseCodec.decode(W3CHttpResponseCodec.java:122)
at org.openqa.selenium.remote.http.W3CHttpResponseCodec.decode(W3CHttpResponseCodec.java:49)
at org.openqa.selenium.remote.HttpCommandExecutor.execute(HttpCommandExecutor.java:158)
at org.openqa.selenium.remote.service.DriverCommandExecutor.execute(DriverCommandExecutor.java:83)
at org.openqa.selenium.remote.RemoteWebDriver.execute(RemoteWebDriver.java:552)
at org.openqa.selenium.remote.RemoteWebElement.execute(RemoteWebElement.java:285)
at org.openqa.selenium.remote.RemoteWebElement.click(RemoteWebElement.java:84)
at jdk.internal.reflect.GeneratedMethodAccessor1.invoke(Unknown Source)
at java.base/jdk.internal.reflect.DelegatingMethodAccessorImpl.invoke(DelegatingMethodAccessorImpl.java:43)
at java.base/java.lang.reflect.Method.invoke(Method.java:568)
at org.openqa.selenium.support.pagefactory.internal.LocatingElementHandler.invoke(LocatingElementHandler.java:51)
at jdk.proxy2/jdk.proxy2.$Proxy16.click(Unknown Source)
at com.crm.campaignObjectRepository.HomePage.signoutfromApp(HomePage.java:46)
at com.crm.genericUtilities.BaseClass.logoutFromAppln(BaseClass.java:103)
at java.base/jdk.internal.reflect.NativeMethodAccessorImpl.invoke0(Native Method)
at java.base/jdk.internal.reflect.NativeMethodAccessorImpl.invoke(NativeMethodAccessorImpl.java:77)
at java.base/jdk.internal.reflect.DelegatingMethodAccessorImpl.invoke(DelegatingMethodAccessorImpl.java:43)
at java.base/java.lang.reflect.Method.invoke(Method.java:568)
at org.testng.internal.MethodInvocationHelper.invokeMethod(MethodInvocationHelper.java:133)
at org.testng.internal.MethodInvocationHelper.invokeMethodConsideringTimeout(MethodInvocationHelper.java:62)
at org.testng.internal.ConfigInvoker.invokeConfigurationMethod(ConfigInvoker.java:385)
at org.testng.internal.ConfigInvoker.invokeConfigurations(ConfigInvoker.java:321)
at org.testng.internal.TestInvoker.runConfigMethods(TestInvoker.java:700)
at org.testng.internal.TestInvoker.runAfterGroupsConfigurations(TestInvoker.java:676)
at org.testng.internal.TestInvoker.invokeMethod(TestInvoker.java:660)
at org.testng.internal.TestInvoker.invokeTestMethod(TestInvoker.java:173)
at org.testng.internal.MethodRunner.runInSequence(MethodRunner.java:46)
at org.testng.internal.TestInvoker$MethodInvocationAgent.invoke(TestInvoker.java:824)
at org.testng.internal.TestInvoker.invokeTestMethods(TestInvoker.java:146)
at org.testng.internal.TestMethodWorker.invokeTestMethods(TestMethodWorker.java:146)
at org.testng.internal.TestMethodWorker.run(TestMethodWorker.java:128)
at java.base/java.util.ArrayList.forEach(ArrayList.java:1511)
at org.testng.TestRunner.privateRun(TestRunner.java:794)
at org.testng.TestRunner.run(TestRunner.java:596)
at org.testng.SuiteRunner.runTest(SuiteRunner.java:377)
at org.testng.SuiteRunner.runSequentially(SuiteRunner.java:371)
at org.testng.SuiteRunner.privateRun(SuiteRunner.java:332)
at org.testng.SuiteRunner.run(SuiteRunner.java:276)
at org.testng.SuiteRunnerWorker.runSuite(SuiteRunnerWorker.java:53)
at org.testng.SuiteRunnerWorker.run(SuiteRunnerWorker.java:96)
at org.testng.TestNG.runSuitesSequentially(TestNG.java:1212)
at org.testng.TestNG.runSuitesLocally(TestNG.java:1134)
at org.testng.TestNG.runSuites(TestNG.java:1063)
at org.testng.TestNG.run(TestNG.java:1031)
at org.testng.remote.AbstractRemoteTestNG.run(AbstractRemoteTestNG.java:115)
at org.testng.remote.RemoteTestNG.initAndRun(RemoteTestNG.java:251)
at org.testng.remote.RemoteTestNG.main(RemoteTestNG.java:77)
]]>
            </full-stacktrace>
          </exception> <!-- org.openqa.selenium.StaleElementReferenceException -->
          <reporter-output>
          </reporter-output>
        </test-method> <!-- logoutFromAppln -->
        <test-method is-config="true" signature="closeTheBrowser()[pri:0, instance:com.crm.SalesOrganisation.CreateEditDeleteOrganisationTest@74e52303]" started-at="2023-01-31T08:28:40 IST" name="closeTheBrowser" finished-at="1970-01-01T05:30:00 IST" duration-ms="-1675133920848" status="SKIP">
          <reporter-output>
          </reporter-output>
        </test-method> <!-- closeTheBrowser -->
      </class> <!-- com.crm.SalesOrganisation.CreateEditDeleteOrganisationTest -->
      <class name="com.crm.InventoryOrganisation.CreateEditDeleteOrganisationTest">
        <test-method is-config="true" signature="launchTheBrowser()[pri:0, instance:com.crm.InventoryOrganisation.CreateEditDeleteOrganisationTest@3bb9a3ff]" started-at="2023-01-31T08:29:22 IST" name="launchTheBrowser" finished-at="2023-01-31T08:29:24 IST" duration-ms="2048" status="PASS">
          <reporter-output>
          </reporter-output>
        </test-method> <!-- launchTheBrowser -->
        <test-method is-config="true" signature="loginToAppln()[pri:0, instance:com.crm.InventoryOrganisation.CreateEditDeleteOrganisationTest@3bb9a3ff]" started-at="2023-01-31T08:29:24 IST" name="loginToAppln" finished-at="2023-01-31T08:29:27 IST" duration-ms="3053" status="PASS">
          <reporter-output>
          </reporter-output>
        </test-method> <!-- loginToAppln -->
        <test-method signature="createEditDeleteOrganisationTest()[pri:0, instance:com.crm.InventoryOrganisation.CreateEditDeleteOrganisationTest@3bb9a3ff]" started-at="2023-01-31T08:29:27 IST" name="createEditDeleteOrganisationTest" finished-at="2023-01-31T08:29:38 IST" duration-ms="10799" status="PASS">
          <reporter-output>
            <line>
              <![CDATA[Organisation is created]]>
            </line>
            <line>
              <![CDATA[Organisation is edited successfully]]>
            </line>
            <line>
              <![CDATA[Organisation is deleted successfully]]>
            </line>
          </reporter-output>
        </test-method> <!-- createEditDeleteOrganisationTest -->
        <test-method is-config="true" signature="logoutFromAppln()[pri:0, instance:com.crm.InventoryOrganisation.CreateEditDeleteOrganisationTest@3bb9a3ff]" started-at="2023-01-31T08:29:38 IST" name="logoutFromAppln" finished-at="2023-01-31T08:29:38 IST" duration-ms="691" status="PASS">
          <reporter-output>
          </reporter-output>
        </test-method> <!-- logoutFromAppln -->
        <test-method is-config="true" signature="closeTheBrowser()[pri:0, instance:com.crm.InventoryOrganisation.CreateEditDeleteOrganisationTest@3bb9a3ff]" started-at="2023-01-31T08:29:38 IST" name="closeTheBrowser" finished-at="2023-01-31T08:29:39 IST" duration-ms="163" status="PASS">
          <reporter-output>
          </reporter-output>
        </test-method> <!-- closeTheBrowser -->
      </class> <!-- com.crm.InventoryOrganisation.CreateEditDeleteOrganisationTest -->
    </test> <!-- Test -->
  </suite> <!-- Suite -->
</testng-results>
