<?xml version="1.0" encoding="UTF-8"?>
<testng-results ignored="0" total="1" passed="1" failed="0" skipped="0">
  <reporter-output>
    <line>
      <![CDATA[contact is created]]>
    </line>
    <line>
      <![CDATA[last name is edited]]>
    </line>
    <line>
      <![CDATA[contact is deleted]]>
    </line>
  </reporter-output>
  <suite started-at="2023-01-30T16:58:52 IST" name="Default suite" finished-at="2023-01-30T16:59:17 IST" duration-ms="24579">
    <groups>
    </groups>
    <test started-at="2023-01-30T16:58:52 IST" name="Default test" finished-at="2023-01-30T16:59:17 IST" duration-ms="24579">
      <class name="com.crm.contacts.CreateContactEditcontactDeleteContact">
        <test-method is-config="true" signature="dbConfig()[pri:0, instance:com.crm.contacts.CreateContactEditcontactDeleteContact@393671df]" started-at="2023-01-30T16:58:52 IST" name="dbConfig" finished-at="2023-01-30T16:58:52 IST" duration-ms="6" status="PASS">
          <reporter-output>
          </reporter-output>
        </test-method> <!-- dbConfig -->
        <test-method is-config="true" signature="launchTheBrowser()[pri:0, instance:com.crm.contacts.CreateContactEditcontactDeleteContact@393671df]" started-at="2023-01-30T16:58:52 IST" name="launchTheBrowser" finished-at="2023-01-30T16:58:55 IST" duration-ms="2964" status="PASS">
          <reporter-output>
          </reporter-output>
        </test-method> <!-- launchTheBrowser -->
        <test-method is-config="true" signature="loginToAppln()[pri:0, instance:com.crm.contacts.CreateContactEditcontactDeleteContact@393671df]" started-at="2023-01-30T16:58:55 IST" name="loginToAppln" finished-at="2023-01-30T16:58:58 IST" duration-ms="3181" status="PASS">
          <reporter-output>
          </reporter-output>
        </test-method> <!-- loginToAppln -->
        <test-method signature="createContact()[pri:0, instance:com.crm.contacts.CreateContactEditcontactDeleteContact@393671df]" started-at="2023-01-30T16:58:58 IST" name="createContact" finished-at="2023-01-30T16:59:15 IST" duration-ms="16305" status="PASS">
          <reporter-output>
            <line>
              <![CDATA[contact is created]]>
            </line>
            <line>
              <![CDATA[last name is edited]]>
            </line>
            <line>
              <![CDATA[contact is deleted]]>
            </line>
          </reporter-output>
        </test-method> <!-- createContact -->
        <test-method is-config="true" signature="logoutFromAppln()[pri:0, instance:com.crm.contacts.CreateContactEditcontactDeleteContact@393671df]" started-at="2023-01-30T16:59:15 IST" name="logoutFromAppln" finished-at="2023-01-30T16:59:17 IST" duration-ms="2090" status="PASS">
          <reporter-output>
          </reporter-output>
        </test-method> <!-- logoutFromAppln -->
        <test-method is-config="true" signature="closeTheBrowser()[pri:0, instance:com.crm.contacts.CreateContactEditcontactDeleteContact@393671df]" started-at="2023-01-30T16:59:17 IST" name="closeTheBrowser" finished-at="2023-01-30T16:59:17 IST" duration-ms="0" status="PASS">
          <reporter-output>
          </reporter-output>
        </test-method> <!-- closeTheBrowser -->
        <test-method is-config="true" signature="closeDBconfig()[pri:0, instance:com.crm.contacts.CreateContactEditcontactDeleteContact@393671df]" started-at="2023-01-30T16:59:17 IST" name="closeDBconfig" finished-at="2023-01-30T16:59:17 IST" duration-ms="1" status="PASS">
          <reporter-output>
          </reporter-output>
        </test-method> <!-- closeDBconfig -->
      </class> <!-- com.crm.contacts.CreateContactEditcontactDeleteContact -->
    </test> <!-- Default test -->
  </suite> <!-- Default suite -->
</testng-results>
